<?xml version="1.0" encoding="UTF-8"?>
<!-- Generated by org.testng.reporters.JUnitXMLReporter -->
<testsuite ignored="0" hostname="DESKTOP-K295T7A" failures="1" tests="4" name="QaacedemyTest" time="53.602" errors="0" timestamp="2022-06-01T07:17:13 IST">
  <testcase classname="examples.endtoendframework.GreenKartTest" name="testVegitablePrice" time="5.957"/>
  <testcase classname="examples.endtoendframework.GreenKartTest" name="testVegitablePrice" time="4.111"/>
  <testcase classname="examples.endtoendframework.TestMain" name="loginPageTest" time="16.736"/>
  <testcase classname="examples.endtoendframework.TestMain" name="loginPageTest" time="35.732">
    <failure type="java.lang.AssertionError" message="expected [true] but found [false]">
      <![CDATA[java.lang.AssertionError: expected [true] but found [false]
at examples.endtoendframework.TestMain.loginPageTest(TestMain.java:53)
at java.base/java.util.ArrayList.forEach(ArrayList.java:1511)
at java.base/java.util.concurrent.FutureTask.run(FutureTask.java:264)
at java.base/java.util.concurrent.ThreadPoolExecutor.runWorker(ThreadPoolExecutor.java:1130)
at java.base/java.util.concurrent.ThreadPoolExecutor$Worker.run(ThreadPoolExecutor.java:630)
at java.base/java.lang.Thread.run(Thread.java:831)
... Removed 22 stack frames]]>
    </failure>
  </testcase> <!-- loginPageTest -->
</testsuite> <!-- QaacedemyTest -->
